<?xml version="1.0" encoding="UTF-8"?>
<testng-results skipped="0" failed="0" ignored="0" total="1" passed="1">
  <reporter-output>
  </reporter-output>
  <suite name="Default suite" duration-ms="18437" started-at="2020-09-12T18:44:15Z" finished-at="2020-09-12T18:44:33Z">
    <groups>
    </groups>
    <test name="Default test" duration-ms="18437" started-at="2020-09-12T18:44:15Z" finished-at="2020-09-12T18:44:33Z">
      <class name="seleniumConcepts.CRMTestNG">
        <test-method status="PASS" signature="readConfig()[pri:0, instance:seleniumConcepts.CRMTestNG@4c70fda8]" name="readConfig" is-config="true" duration-ms="21" started-at="2020-09-12T18:44:15Z" finished-at="2020-09-12T18:44:15Z">
          <reporter-output>
          </reporter-output>
        </test-method> <!-- readConfig -->
        <test-method status="PASS" signature="init()[pri:0, instance:seleniumConcepts.CRMTestNG@4c70fda8]" name="init" is-config="true" duration-ms="12333" started-at="2020-09-12T18:44:15Z" finished-at="2020-09-12T18:44:27Z">
          <reporter-output>
          </reporter-output>
        </test-method> <!-- init -->
        <test-method status="PASS" signature="addCustomerTest()[pri:2, instance:seleniumConcepts.CRMTestNG@4c70fda8]" name="addCustomerTest" duration-ms="6051" started-at="2020-09-12T18:44:27Z" finished-at="2020-09-12T18:44:33Z">
          <reporter-output>
          </reporter-output>
        </test-method> <!-- addCustomerTest -->
      </class> <!-- seleniumConcepts.CRMTestNG -->
    </test> <!-- Default test -->
  </suite> <!-- Default suite -->
</testng-results>
